Determining if the pthread_create exist failed with the following output:
Change Dir: /home/liudiyang1998/Git/ROS-Robotics-By-Example/Chapter_7_code/build/hector_sensors_gazebo/CMakeFiles/CMakeTmp

Run Build Command:"/usr/bin/make" "cmTC_2731e/fast"
/usr/bin/make -f CMakeFiles/cmTC_2731e.dir/build.make CMakeFiles/cmTC_2731e.dir/build
make[1]: Entering directory '/home/liudiyang1998/Git/ROS-Robotics-By-Example/Chapter_7_code/build/hector_sensors_gazebo/CMakeFiles/CMakeTmp'
Building C object CMakeFiles/cmTC_2731e.dir/CheckSymbolExists.c.o
/usr/bin/cc    -o CMakeFiles/cmTC_2731e.dir/CheckSymbolExists.c.o   -c /home/liudiyang1998/Git/ROS-Robotics-By-Example/Chapter_7_code/build/hector_sensors_gazebo/CMakeFiles/CMakeTmp/CheckSymbolExists.c
Linking C executable cmTC_2731e
/usr/bin/cmake -E cmake_link_script CMakeFiles/cmTC_2731e.dir/link.txt --verbose=1
/usr/bin/cc      -rdynamic CMakeFiles/cmTC_2731e.dir/CheckSymbolExists.c.o  -o cmTC_2731e 
CMakeFiles/cmTC_2731e.dir/CheckSymbolExists.c.o: In function `main':
CheckSymbolExists.c:(.text+0x1b): undefined reference to `pthread_create'
collect2: error: ld returned 1 exit status
CMakeFiles/cmTC_2731e.dir/build.make:97: recipe for target 'cmTC_2731e' failed
make[1]: *** [cmTC_2731e] Error 1
make[1]: Leaving directory '/home/liudiyang1998/Git/ROS-Robotics-By-Example/Chapter_7_code/build/hector_sensors_gazebo/CMakeFiles/CMakeTmp'
Makefile:126: recipe for target 'cmTC_2731e/fast' failed
make: *** [cmTC_2731e/fast] Error 2

File /home/liudiyang1998/Git/ROS-Robotics-By-Example/Chapter_7_code/build/hector_sensors_gazebo/CMakeFiles/CMakeTmp/CheckSymbolExists.c:
/* */
#include <pthread.h>

int main(int argc, char** argv)
{
  (void)argv;
#ifndef pthread_create
  return ((int*)(&pthread_create))[argc];
#else
  (void)argc;
  return 0;
#endif
}

Determining if the function pthread_create exists in the pthreads failed with the following output:
Change Dir: /home/liudiyang1998/Git/ROS-Robotics-By-Example/Chapter_7_code/build/hector_sensors_gazebo/CMakeFiles/CMakeTmp

Run Build Command:"/usr/bin/make" "cmTC_6ec07/fast"
/usr/bin/make -f CMakeFiles/cmTC_6ec07.dir/build.make CMakeFiles/cmTC_6ec07.dir/build
make[1]: Entering directory '/home/liudiyang1998/Git/ROS-Robotics-By-Example/Chapter_7_code/build/hector_sensors_gazebo/CMakeFiles/CMakeTmp'
Building C object CMakeFiles/cmTC_6ec07.dir/CheckFunctionExists.c.o
/usr/bin/cc   -DCHECK_FUNCTION_EXISTS=pthread_create   -o CMakeFiles/cmTC_6ec07.dir/CheckFunctionExists.c.o   -c /usr/share/cmake-3.10/Modules/CheckFunctionExists.c
Linking C executable cmTC_6ec07
/usr/bin/cmake -E cmake_link_script CMakeFiles/cmTC_6ec07.dir/link.txt --verbose=1
/usr/bin/cc  -DCHECK_FUNCTION_EXISTS=pthread_create    -rdynamic CMakeFiles/cmTC_6ec07.dir/CheckFunctionExists.c.o  -o cmTC_6ec07 -lpthreads 
/usr/bin/ld: cannot find -lpthreads
collect2: error: ld returned 1 exit status
CMakeFiles/cmTC_6ec07.dir/build.make:97: recipe for target 'cmTC_6ec07' failed
make[1]: *** [cmTC_6ec07] Error 1
make[1]: Leaving directory '/home/liudiyang1998/Git/ROS-Robotics-By-Example/Chapter_7_code/build/hector_sensors_gazebo/CMakeFiles/CMakeTmp'
Makefile:126: recipe for target 'cmTC_6ec07/fast' failed
make: *** [cmTC_6ec07/fast] Error 2


